<?xml version="1.0" encoding="UTF-8"?>
<testsuite name="Matrix" tests="4" skipped="0" failures="0" errors="0" timestamp="2025-01-08T02:00:51" hostname="LAPTOP-HO2T5QJ6" time="0.293">
  <properties/>
  <testcase name="Determinant" classname="Matrix" time="0.279"/>
  <testcase name="Transpose" classname="Matrix" time="0.006"/>
  <testcase name="Inverse" classname="Matrix" time="0.004"/>
  <testcase name="Cofactor" classname="Matrix" time="0.004"/>
  <system-out><![CDATA[]]></system-out>
  <system-err><![CDATA[]]></system-err>
</testsuite>
